{"/home/gabriel/Projects/lab/react-placeholder-loading/src/utils.ts": {"path":"/home/gabriel/Projects/lab/react-placeholder-loading/src/utils.ts","statementMap":{"0":{"start":{"line":3,"column":13},"end":{"line":20,"column":2}},"1":{"start":{"line":4,"column":10},"end":{"line":4,"column":15}},"2":{"start":{"line":4,"column":17},"end":{"line":4,"column":23}},"3":{"start":{"line":5,"column":2},"end":{"line":19,"column":4}},"4":{"start":{"line":6,"column":25},"end":{"line":16,"column":6}},"5":{"start":{"line":18,"column":4},"end":{"line":18,"column":30}},"6":{"start":{"line":22,"column":13},"end":{"line":38,"column":2}},"7":{"start":{"line":23,"column":10},"end":{"line":23,"column":15}},"8":{"start":{"line":23,"column":17},"end":{"line":23,"column":23}},"9":{"start":{"line":24,"column":2},"end":{"line":37,"column":4}},"10":{"start":{"line":25,"column":21},"end":{"line":34,"column":6}},"11":{"start":{"line":36,"column":4},"end":{"line":36,"column":26}}},"fnMap":{"0":{"name":"(anonymous_0)","decl":{"start":{"line":3,"column":29},"end":{"line":3,"column":30}},"loc":{"start":{"line":3,"column":50},"end":{"line":20,"column":1}}},"1":{"name":"(anonymous_1)","decl":{"start":{"line":5,"column":9},"end":{"line":5,"column":10}},"loc":{"start":{"line":5,"column":31},"end":{"line":19,"column":3}}},"2":{"name":"(anonymous_2)","decl":{"start":{"line":22,"column":27},"end":{"line":22,"column":28}},"loc":{"start":{"line":22,"column":48},"end":{"line":38,"column":1}}},"3":{"name":"(anonymous_3)","decl":{"start":{"line":24,"column":9},"end":{"line":24,"column":10}},"loc":{"start":{"line":24,"column":31},"end":{"line":37,"column":3}}}},"branchMap":{},"s":{"0":1,"1":4,"2":4,"3":4,"4":4,"5":4,"6":1,"7":4,"8":4,"9":4,"10":4,"11":4},"f":{"0":4,"1":4,"2":4,"3":4},"b":{}}
}
