TN:
SF:/home/gabriel/Projects/lab/react-placeholder-loading/src/PlaceholderLoading.tsx
FN:5,(anonymous_0)
FNF:1
FNH:1
FNDA:4,(anonymous_0)
DA:1,1
DA:3,1
DA:5,1
DA:6,4
DA:7,4
DA:8,8
DA:9,8
DA:10,4
DA:12,4
DA:13,4
DA:14,4
DA:16,4
DA:64,1
LF:13
LH:13
BRDA:8,0,0,3
BRDA:8,0,1,1
BRDA:9,1,0,3
BRDA:9,1,1,1
BRF:4
BRH:4
end_of_record
TN:
SF:/home/gabriel/Projects/lab/react-placeholder-loading/src/index.tsx
FNF:0
FNH:0
DA:1,1
LF:1
LH:1
BRF:0
BRH:0
end_of_record
TN:
SF:/home/gabriel/Projects/lab/react-placeholder-loading/src/utils.ts
FN:3,(anonymous_0)
FN:5,(anonymous_1)
FN:22,(anonymous_2)
FN:24,(anonymous_3)
FNF:4
FNH:4
FNDA:4,(anonymous_0)
FNDA:4,(anonymous_1)
FNDA:4,(anonymous_2)
FNDA:4,(anonymous_3)
DA:3,1
DA:4,4
DA:5,4
DA:6,4
DA:18,4
DA:22,1
DA:23,4
DA:24,4
DA:25,4
DA:36,4
LF:10
LH:10
BRF:0
BRH:0
end_of_record
